0 info it worked if it ends with ok
1 verbose cli [ 'node',
1 verbose cli   '/Users/mac/.nvm/v0.10.29/bin/npm',
1 verbose cli   'completion',
1 verbose cli   '--',
1 verbose cli   'npm',
1 verbose cli   'i',
1 verbose cli   'no' ]
2 info using npm@2.1.8
3 info using node@v0.10.29
4 silly mapToRegistry name -/short
5 silly mapToRegistry using default registry
6 silly mapToRegistry registry https://registry.npmjs.org/
7 silly mapToRegistry uri https://registry.npmjs.org/-/short
8 verbose get https://registry.npmjs.org/-/short not expired, no request
9 verbose type undefined_method
10 verbose stack TypeError: Object #<Object> has no method 'match'
10 verbose stack     at escape (/Users/mac/.nvm/v0.10.29/lib/node_modules/npm/lib/completion.js:185:10)
10 verbose stack     at /Users/mac/.nvm/v0.10.29/lib/node_modules/npm/lib/completion.js:199:14
10 verbose stack     at Array.map (native)
10 verbose stack     at /Users/mac/.nvm/v0.10.29/lib/node_modules/npm/lib/completion.js:197:19
10 verbose stack     at /Users/mac/.nvm/v0.10.29/lib/node_modules/npm/lib/install.js:42:37
10 verbose stack     at CachingRegistryClient.get_ (/Users/mac/.nvm/v0.10.29/lib/node_modules/npm/lib/cache/caching-client.js:118:16)
10 verbose stack     at /Users/mac/.nvm/v0.10.29/lib/node_modules/npm/lib/cache/caching-client.js:87:14
10 verbose stack     at evalmachine.<anonymous>:271:14
10 verbose stack     at /Users/mac/.nvm/v0.10.29/lib/node_modules/npm/node_modules/graceful-fs/graceful-fs.js:102:5
10 verbose stack     at Object.oncomplete (evalmachine.<anonymous>:107:15)
11 verbose cwd /Users/mac/Documents/vhosts/youngcorn/submodules
12 error Darwin 14.5.0
13 error argv "node" "/Users/mac/.nvm/v0.10.29/bin/npm" "completion" "--" "npm" "i" "no"
14 error node v0.10.29
15 error npm  v2.1.8
16 error Object #<Object> has no method 'match'
17 error If you need help, you may report this error at:
17 error     <http://github.com/npm/npm/issues>
18 verbose exit [ 1, true ]
